[2021-05-13 01:17:04,813] {taskinstance.py:877} INFO - Dependencies all met for <TaskInstance: tutorial.print_date 2015-06-02T00:00:00+00:00 [queued]>
[2021-05-13 01:17:04,829] {taskinstance.py:877} INFO - Dependencies all met for <TaskInstance: tutorial.print_date 2015-06-02T00:00:00+00:00 [queued]>
[2021-05-13 01:17:04,829] {taskinstance.py:1068} INFO - 
--------------------------------------------------------------------------------
[2021-05-13 01:17:04,829] {taskinstance.py:1069} INFO - Starting attempt 1 of 2
[2021-05-13 01:17:04,829] {taskinstance.py:1070} INFO - 
--------------------------------------------------------------------------------
[2021-05-13 01:17:04,840] {taskinstance.py:1089} INFO - Executing <Task(BashOperator): print_date> on 2015-06-02T00:00:00+00:00
[2021-05-13 01:17:04,844] {standard_task_runner.py:52} INFO - Started process 24386 to run task
[2021-05-13 01:17:04,858] {standard_task_runner.py:76} INFO - Running: ['airflow', 'tasks', 'run', 'tutorial', 'print_date', '2015-06-02T00:00:00+00:00', '--job-id', '4', '--pool', 'default_pool', '--raw', '--subdir', '/Users/baotran/anaconda3/envs/airflow-tutorial/lib/python3.7/site-packages/airflow/example_dags/tutorial.py', '--cfg-path', '/var/folders/j3/z5zmcbt16d1csdxhj0381gjr0000gn/T/tmpizd6wk3c', '--error-file', '/var/folders/j3/z5zmcbt16d1csdxhj0381gjr0000gn/T/tmp_wlu2stf']
[2021-05-13 01:17:04,860] {standard_task_runner.py:77} INFO - Job 4: Subtask print_date
[2021-05-13 01:17:04,909] {logging_mixin.py:104} INFO - Running <TaskInstance: tutorial.print_date 2015-06-02T00:00:00+00:00 [running]> on host Baos-MacBook-Pro.local
[2021-05-13 01:17:04,951] {taskinstance.py:1283} INFO - Exporting the following env vars:
AIRFLOW_CTX_DAG_EMAIL=airflow@example.com
AIRFLOW_CTX_DAG_OWNER=airflow
AIRFLOW_CTX_DAG_ID=tutorial
AIRFLOW_CTX_TASK_ID=print_date
AIRFLOW_CTX_EXECUTION_DATE=2015-06-02T00:00:00+00:00
AIRFLOW_CTX_DAG_RUN_ID=backfill__2015-06-02T00:00:00+00:00
[2021-05-13 01:17:04,952] {bash.py:135} INFO - Tmp dir root location: 
 /var/folders/j3/z5zmcbt16d1csdxhj0381gjr0000gn/T
[2021-05-13 01:17:04,954] {bash.py:158} INFO - Running command: date
[2021-05-13 01:17:04,962] {bash.py:169} INFO - Output:
[2021-05-13 01:17:04,972] {bash.py:173} INFO - Thu May 13 01:17:04 EDT 2021
[2021-05-13 01:17:04,972] {bash.py:177} INFO - Command exited with return code 0
[2021-05-13 01:17:04,994] {taskinstance.py:1192} INFO - Marking task as SUCCESS. dag_id=tutorial, task_id=print_date, execution_date=20150602T000000, start_date=20210513T051704, end_date=20210513T051704
[2021-05-13 01:17:05,017] {taskinstance.py:1246} INFO - 0 downstream tasks scheduled from follow-on schedule check
[2021-05-13 01:17:05,032] {local_task_job.py:146} INFO - Task exited with return code 0
