[2021-05-13 01:18:12,163] {taskinstance.py:877} INFO - Dependencies all met for <TaskInstance: tutorial.templated 2015-06-01T00:00:00+00:00 [queued]>
[2021-05-13 01:18:12,171] {taskinstance.py:877} INFO - Dependencies all met for <TaskInstance: tutorial.templated 2015-06-01T00:00:00+00:00 [queued]>
[2021-05-13 01:18:12,171] {taskinstance.py:1068} INFO - 
--------------------------------------------------------------------------------
[2021-05-13 01:18:12,171] {taskinstance.py:1069} INFO - Starting attempt 1 of 2
[2021-05-13 01:18:12,171] {taskinstance.py:1070} INFO - 
--------------------------------------------------------------------------------
[2021-05-13 01:18:12,181] {taskinstance.py:1089} INFO - Executing <Task(BashOperator): templated> on 2015-06-01T00:00:00+00:00
[2021-05-13 01:18:12,184] {standard_task_runner.py:52} INFO - Started process 24462 to run task
[2021-05-13 01:18:12,193] {standard_task_runner.py:76} INFO - Running: ['airflow', 'tasks', 'run', 'tutorial', 'templated', '2015-06-01T00:00:00+00:00', '--job-id', '17', '--pool', 'default_pool', '--raw', '--subdir', '/Users/baotran/anaconda3/envs/airflow-tutorial/lib/python3.7/site-packages/airflow/example_dags/tutorial.py', '--cfg-path', '/var/folders/j3/z5zmcbt16d1csdxhj0381gjr0000gn/T/tmptj9tqzrd', '--error-file', '/var/folders/j3/z5zmcbt16d1csdxhj0381gjr0000gn/T/tmpm9fssaet']
[2021-05-13 01:18:12,195] {standard_task_runner.py:77} INFO - Job 17: Subtask templated
[2021-05-13 01:18:12,240] {logging_mixin.py:104} INFO - Running <TaskInstance: tutorial.templated 2015-06-01T00:00:00+00:00 [running]> on host Baos-MacBook-Pro.local
[2021-05-13 01:18:12,284] {taskinstance.py:1283} INFO - Exporting the following env vars:
AIRFLOW_CTX_DAG_EMAIL=airflow@example.com
AIRFLOW_CTX_DAG_OWNER=airflow
AIRFLOW_CTX_DAG_ID=tutorial
AIRFLOW_CTX_TASK_ID=templated
AIRFLOW_CTX_EXECUTION_DATE=2015-06-01T00:00:00+00:00
AIRFLOW_CTX_DAG_RUN_ID=backfill__2015-06-01T00:00:00+00:00
[2021-05-13 01:18:12,284] {bash.py:135} INFO - Tmp dir root location: 
 /var/folders/j3/z5zmcbt16d1csdxhj0381gjr0000gn/T
[2021-05-13 01:18:12,286] {bash.py:158} INFO - Running command: 

    echo "2015-06-01"
    echo "2015-06-08"
    echo "Parameter I passed in"

    echo "2015-06-01"
    echo "2015-06-08"
    echo "Parameter I passed in"

    echo "2015-06-01"
    echo "2015-06-08"
    echo "Parameter I passed in"

    echo "2015-06-01"
    echo "2015-06-08"
    echo "Parameter I passed in"

    echo "2015-06-01"
    echo "2015-06-08"
    echo "Parameter I passed in"

[2021-05-13 01:18:12,295] {bash.py:169} INFO - Output:
[2021-05-13 01:18:12,299] {bash.py:173} INFO - 2015-06-01
[2021-05-13 01:18:12,300] {bash.py:173} INFO - 2015-06-08
[2021-05-13 01:18:12,300] {bash.py:173} INFO - Parameter I passed in
[2021-05-13 01:18:12,300] {bash.py:173} INFO - 2015-06-01
[2021-05-13 01:18:12,301] {bash.py:173} INFO - 2015-06-08
[2021-05-13 01:18:12,301] {bash.py:173} INFO - Parameter I passed in
[2021-05-13 01:18:12,301] {bash.py:173} INFO - 2015-06-01
[2021-05-13 01:18:12,302] {bash.py:173} INFO - 2015-06-08
[2021-05-13 01:18:12,302] {bash.py:173} INFO - Parameter I passed in
[2021-05-13 01:18:12,302] {bash.py:173} INFO - 2015-06-01
[2021-05-13 01:18:12,302] {bash.py:173} INFO - 2015-06-08
[2021-05-13 01:18:12,303] {bash.py:173} INFO - Parameter I passed in
[2021-05-13 01:18:12,303] {bash.py:173} INFO - 2015-06-01
[2021-05-13 01:18:12,303] {bash.py:173} INFO - 2015-06-08
[2021-05-13 01:18:12,304] {bash.py:173} INFO - Parameter I passed in
[2021-05-13 01:18:12,304] {bash.py:177} INFO - Command exited with return code 0
[2021-05-13 01:18:12,324] {taskinstance.py:1192} INFO - Marking task as SUCCESS. dag_id=tutorial, task_id=templated, execution_date=20150601T000000, start_date=20210513T051812, end_date=20210513T051812
[2021-05-13 01:18:12,346] {taskinstance.py:1246} INFO - 0 downstream tasks scheduled from follow-on schedule check
[2021-05-13 01:18:12,368] {local_task_job.py:146} INFO - Task exited with return code 0
