[2021-05-13 01:17:34,908] {taskinstance.py:877} INFO - Dependencies all met for <TaskInstance: tutorial.sleep 2015-06-03T00:00:00+00:00 [queued]>
[2021-05-13 01:17:34,918] {taskinstance.py:877} INFO - Dependencies all met for <TaskInstance: tutorial.sleep 2015-06-03T00:00:00+00:00 [queued]>
[2021-05-13 01:17:34,918] {taskinstance.py:1068} INFO - 
--------------------------------------------------------------------------------
[2021-05-13 01:17:34,918] {taskinstance.py:1069} INFO - Starting attempt 1 of 4
[2021-05-13 01:17:34,918] {taskinstance.py:1070} INFO - 
--------------------------------------------------------------------------------
[2021-05-13 01:17:34,934] {taskinstance.py:1089} INFO - Executing <Task(BashOperator): sleep> on 2015-06-03T00:00:00+00:00
[2021-05-13 01:17:34,937] {standard_task_runner.py:52} INFO - Started process 24431 to run task
[2021-05-13 01:17:34,949] {standard_task_runner.py:76} INFO - Running: ['airflow', 'tasks', 'run', 'tutorial', 'sleep', '2015-06-03T00:00:00+00:00', '--job-id', '12', '--pool', 'default_pool', '--raw', '--subdir', '/Users/baotran/anaconda3/envs/airflow-tutorial/lib/python3.7/site-packages/airflow/example_dags/tutorial.py', '--cfg-path', '/var/folders/j3/z5zmcbt16d1csdxhj0381gjr0000gn/T/tmpx20krtue', '--error-file', '/var/folders/j3/z5zmcbt16d1csdxhj0381gjr0000gn/T/tmpdmbdvtq9']
[2021-05-13 01:17:34,951] {standard_task_runner.py:77} INFO - Job 12: Subtask sleep
[2021-05-13 01:17:34,997] {logging_mixin.py:104} INFO - Running <TaskInstance: tutorial.sleep 2015-06-03T00:00:00+00:00 [running]> on host Baos-MacBook-Pro.local
[2021-05-13 01:17:35,030] {taskinstance.py:1283} INFO - Exporting the following env vars:
AIRFLOW_CTX_DAG_EMAIL=airflow@example.com
AIRFLOW_CTX_DAG_OWNER=airflow
AIRFLOW_CTX_DAG_ID=tutorial
AIRFLOW_CTX_TASK_ID=sleep
AIRFLOW_CTX_EXECUTION_DATE=2015-06-03T00:00:00+00:00
AIRFLOW_CTX_DAG_RUN_ID=backfill__2015-06-03T00:00:00+00:00
[2021-05-13 01:17:35,031] {bash.py:135} INFO - Tmp dir root location: 
 /var/folders/j3/z5zmcbt16d1csdxhj0381gjr0000gn/T
[2021-05-13 01:17:35,032] {bash.py:158} INFO - Running command: sleep 5
[2021-05-13 01:17:35,041] {bash.py:169} INFO - Output:
[2021-05-13 01:17:40,049] {bash.py:177} INFO - Command exited with return code 0
[2021-05-13 01:17:40,073] {taskinstance.py:1192} INFO - Marking task as SUCCESS. dag_id=tutorial, task_id=sleep, execution_date=20150603T000000, start_date=20210513T051734, end_date=20210513T051740
[2021-05-13 01:17:40,093] {taskinstance.py:1246} INFO - 0 downstream tasks scheduled from follow-on schedule check
[2021-05-13 01:17:40,111] {local_task_job.py:146} INFO - Task exited with return code 0
