[2021-05-13 01:17:09,851] {taskinstance.py:877} INFO - Dependencies all met for <TaskInstance: tutorial.print_date 2015-06-04T00:00:00+00:00 [queued]>
[2021-05-13 01:17:09,860] {taskinstance.py:877} INFO - Dependencies all met for <TaskInstance: tutorial.print_date 2015-06-04T00:00:00+00:00 [queued]>
[2021-05-13 01:17:09,860] {taskinstance.py:1068} INFO - 
--------------------------------------------------------------------------------
[2021-05-13 01:17:09,860] {taskinstance.py:1069} INFO - Starting attempt 1 of 2
[2021-05-13 01:17:09,860] {taskinstance.py:1070} INFO - 
--------------------------------------------------------------------------------
[2021-05-13 01:17:09,870] {taskinstance.py:1089} INFO - Executing <Task(BashOperator): print_date> on 2015-06-04T00:00:00+00:00
[2021-05-13 01:17:09,873] {standard_task_runner.py:52} INFO - Started process 24396 to run task
[2021-05-13 01:17:09,882] {standard_task_runner.py:76} INFO - Running: ['airflow', 'tasks', 'run', 'tutorial', 'print_date', '2015-06-04T00:00:00+00:00', '--job-id', '6', '--pool', 'default_pool', '--raw', '--subdir', '/Users/baotran/anaconda3/envs/airflow-tutorial/lib/python3.7/site-packages/airflow/example_dags/tutorial.py', '--cfg-path', '/var/folders/j3/z5zmcbt16d1csdxhj0381gjr0000gn/T/tmpqjp1943v', '--error-file', '/var/folders/j3/z5zmcbt16d1csdxhj0381gjr0000gn/T/tmppv4ngs8r']
[2021-05-13 01:17:09,884] {standard_task_runner.py:77} INFO - Job 6: Subtask print_date
[2021-05-13 01:17:09,923] {logging_mixin.py:104} INFO - Running <TaskInstance: tutorial.print_date 2015-06-04T00:00:00+00:00 [running]> on host Baos-MacBook-Pro.local
[2021-05-13 01:17:09,954] {taskinstance.py:1283} INFO - Exporting the following env vars:
AIRFLOW_CTX_DAG_EMAIL=airflow@example.com
AIRFLOW_CTX_DAG_OWNER=airflow
AIRFLOW_CTX_DAG_ID=tutorial
AIRFLOW_CTX_TASK_ID=print_date
AIRFLOW_CTX_EXECUTION_DATE=2015-06-04T00:00:00+00:00
AIRFLOW_CTX_DAG_RUN_ID=backfill__2015-06-04T00:00:00+00:00
[2021-05-13 01:17:09,955] {bash.py:135} INFO - Tmp dir root location: 
 /var/folders/j3/z5zmcbt16d1csdxhj0381gjr0000gn/T
[2021-05-13 01:17:09,957] {bash.py:158} INFO - Running command: date
[2021-05-13 01:17:09,967] {bash.py:169} INFO - Output:
[2021-05-13 01:17:09,975] {bash.py:173} INFO - Thu May 13 01:17:09 EDT 2021
[2021-05-13 01:17:09,976] {bash.py:177} INFO - Command exited with return code 0
[2021-05-13 01:17:09,996] {taskinstance.py:1192} INFO - Marking task as SUCCESS. dag_id=tutorial, task_id=print_date, execution_date=20150604T000000, start_date=20210513T051709, end_date=20210513T051709
[2021-05-13 01:17:10,015] {taskinstance.py:1246} INFO - 0 downstream tasks scheduled from follow-on schedule check
[2021-05-13 01:17:10,054] {local_task_job.py:146} INFO - Task exited with return code 0
