[2021-05-13 01:18:04,650] {taskinstance.py:877} INFO - Dependencies all met for <TaskInstance: tutorial.sleep 2015-06-07T00:00:00+00:00 [queued]>
[2021-05-13 01:18:04,658] {taskinstance.py:877} INFO - Dependencies all met for <TaskInstance: tutorial.sleep 2015-06-07T00:00:00+00:00 [queued]>
[2021-05-13 01:18:04,658] {taskinstance.py:1068} INFO - 
--------------------------------------------------------------------------------
[2021-05-13 01:18:04,658] {taskinstance.py:1069} INFO - Starting attempt 1 of 4
[2021-05-13 01:18:04,658] {taskinstance.py:1070} INFO - 
--------------------------------------------------------------------------------
[2021-05-13 01:18:04,667] {taskinstance.py:1089} INFO - Executing <Task(BashOperator): sleep> on 2015-06-07T00:00:00+00:00
[2021-05-13 01:18:04,670] {standard_task_runner.py:52} INFO - Started process 24455 to run task
[2021-05-13 01:18:04,681] {standard_task_runner.py:76} INFO - Running: ['airflow', 'tasks', 'run', 'tutorial', 'sleep', '2015-06-07T00:00:00+00:00', '--job-id', '16', '--pool', 'default_pool', '--raw', '--subdir', '/Users/baotran/anaconda3/envs/airflow-tutorial/lib/python3.7/site-packages/airflow/example_dags/tutorial.py', '--cfg-path', '/var/folders/j3/z5zmcbt16d1csdxhj0381gjr0000gn/T/tmpgy33mkb2', '--error-file', '/var/folders/j3/z5zmcbt16d1csdxhj0381gjr0000gn/T/tmpb1gvrtb5']
[2021-05-13 01:18:04,684] {standard_task_runner.py:77} INFO - Job 16: Subtask sleep
[2021-05-13 01:18:04,727] {logging_mixin.py:104} INFO - Running <TaskInstance: tutorial.sleep 2015-06-07T00:00:00+00:00 [running]> on host Baos-MacBook-Pro.local
[2021-05-13 01:18:04,758] {taskinstance.py:1283} INFO - Exporting the following env vars:
AIRFLOW_CTX_DAG_EMAIL=airflow@example.com
AIRFLOW_CTX_DAG_OWNER=airflow
AIRFLOW_CTX_DAG_ID=tutorial
AIRFLOW_CTX_TASK_ID=sleep
AIRFLOW_CTX_EXECUTION_DATE=2015-06-07T00:00:00+00:00
AIRFLOW_CTX_DAG_RUN_ID=backfill__2015-06-07T00:00:00+00:00
[2021-05-13 01:18:04,759] {bash.py:135} INFO - Tmp dir root location: 
 /var/folders/j3/z5zmcbt16d1csdxhj0381gjr0000gn/T
[2021-05-13 01:18:04,760] {bash.py:158} INFO - Running command: sleep 5
[2021-05-13 01:18:04,769] {bash.py:169} INFO - Output:
[2021-05-13 01:18:09,778] {bash.py:177} INFO - Command exited with return code 0
[2021-05-13 01:18:09,797] {taskinstance.py:1192} INFO - Marking task as SUCCESS. dag_id=tutorial, task_id=sleep, execution_date=20150607T000000, start_date=20210513T051804, end_date=20210513T051809
[2021-05-13 01:18:09,861] {taskinstance.py:1246} INFO - 0 downstream tasks scheduled from follow-on schedule check
[2021-05-13 01:18:09,895] {local_task_job.py:146} INFO - Task exited with return code 0
