[2021-05-13 01:17:19,825] {taskinstance.py:877} INFO - Dependencies all met for <TaskInstance: tutorial.sleep 2015-06-01T00:00:00+00:00 [queued]>
[2021-05-13 01:17:19,835] {taskinstance.py:877} INFO - Dependencies all met for <TaskInstance: tutorial.sleep 2015-06-01T00:00:00+00:00 [queued]>
[2021-05-13 01:17:19,835] {taskinstance.py:1068} INFO - 
--------------------------------------------------------------------------------
[2021-05-13 01:17:19,835] {taskinstance.py:1069} INFO - Starting attempt 1 of 4
[2021-05-13 01:17:19,836] {taskinstance.py:1070} INFO - 
--------------------------------------------------------------------------------
[2021-05-13 01:17:19,846] {taskinstance.py:1089} INFO - Executing <Task(BashOperator): sleep> on 2015-06-01T00:00:00+00:00
[2021-05-13 01:17:19,849] {standard_task_runner.py:52} INFO - Started process 24418 to run task
[2021-05-13 01:17:19,860] {standard_task_runner.py:76} INFO - Running: ['airflow', 'tasks', 'run', 'tutorial', 'sleep', '2015-06-01T00:00:00+00:00', '--job-id', '10', '--pool', 'default_pool', '--raw', '--subdir', '/Users/baotran/anaconda3/envs/airflow-tutorial/lib/python3.7/site-packages/airflow/example_dags/tutorial.py', '--cfg-path', '/var/folders/j3/z5zmcbt16d1csdxhj0381gjr0000gn/T/tmpszen9qk5', '--error-file', '/var/folders/j3/z5zmcbt16d1csdxhj0381gjr0000gn/T/tmpl71mlmbl']
[2021-05-13 01:17:19,864] {standard_task_runner.py:77} INFO - Job 10: Subtask sleep
[2021-05-13 01:17:19,909] {logging_mixin.py:104} INFO - Running <TaskInstance: tutorial.sleep 2015-06-01T00:00:00+00:00 [running]> on host Baos-MacBook-Pro.local
[2021-05-13 01:17:19,941] {taskinstance.py:1283} INFO - Exporting the following env vars:
AIRFLOW_CTX_DAG_EMAIL=airflow@example.com
AIRFLOW_CTX_DAG_OWNER=airflow
AIRFLOW_CTX_DAG_ID=tutorial
AIRFLOW_CTX_TASK_ID=sleep
AIRFLOW_CTX_EXECUTION_DATE=2015-06-01T00:00:00+00:00
AIRFLOW_CTX_DAG_RUN_ID=backfill__2015-06-01T00:00:00+00:00
[2021-05-13 01:17:19,942] {bash.py:135} INFO - Tmp dir root location: 
 /var/folders/j3/z5zmcbt16d1csdxhj0381gjr0000gn/T
[2021-05-13 01:17:19,943] {bash.py:158} INFO - Running command: sleep 5
[2021-05-13 01:17:19,951] {bash.py:169} INFO - Output:
[2021-05-13 01:17:24,959] {bash.py:177} INFO - Command exited with return code 0
[2021-05-13 01:17:24,982] {taskinstance.py:1192} INFO - Marking task as SUCCESS. dag_id=tutorial, task_id=sleep, execution_date=20150601T000000, start_date=20210513T051719, end_date=20210513T051724
[2021-05-13 01:17:25,003] {taskinstance.py:1246} INFO - 0 downstream tasks scheduled from follow-on schedule check
[2021-05-13 01:17:25,012] {local_task_job.py:146} INFO - Task exited with return code 0
